<?xml version="1.0" encoding="UTF-8"?>
<testsuite name="dslab.naming.NameserverTest" tests="4" skipped="0" failures="4" errors="0" timestamp="2020-11-26T09:41:23" hostname="clemens-desktop" time="36.056">
  <properties/>
  <testcase name="ns01_startAndShutdownRootNameserver_createsAndUnexportsRegistryCorrectly" classname="dslab.naming.NameserverTest" time="6.038">
    <failure message="java.lang.NumberFormatException: For input string: &quot;port_range+9&quot;" type="java.lang.NumberFormatException">java.lang.NumberFormatException: For input string: &quot;port_range+9&quot;
	at java.base/java.lang.NumberFormatException.forInputString(NumberFormatException.java:65)
	at java.base/java.lang.Integer.parseInt(Integer.java:652)
	at java.base/java.lang.Integer.parseInt(Integer.java:770)
	at dslab.util.Config.getInt(Config.java:52)
	at dslab.naming.NameserverTest.ns01_startAndShutdownRootNameserver_createsAndUnexportsRegistryCorrectly(NameserverTest.java:78)
	at java.base/jdk.internal.reflect.NativeMethodAccessorImpl.invoke0(Native Method)
	at java.base/jdk.internal.reflect.NativeMethodAccessorImpl.invoke(NativeMethodAccessorImpl.java:62)
	at java.base/jdk.internal.reflect.DelegatingMethodAccessorImpl.invoke(DelegatingMethodAccessorImpl.java:43)
	at java.base/java.lang.reflect.Method.invoke(Method.java:566)
	at org.junit.runners.model.FrameworkMethod$1.runReflectiveCall(FrameworkMethod.java:50)
	at org.junit.internal.runners.model.ReflectiveCallable.run(ReflectiveCallable.java:12)
	at org.junit.runners.model.FrameworkMethod.invokeExplosively(FrameworkMethod.java:47)
	at org.junit.internal.runners.statements.InvokeMethod.evaluate(InvokeMethod.java:17)
	at org.junit.internal.runners.statements.FailOnTimeout$CallableStatement.call(FailOnTimeout.java:298)
	at org.junit.internal.runners.statements.FailOnTimeout$CallableStatement.call(FailOnTimeout.java:292)
	at java.base/java.util.concurrent.FutureTask.run(FutureTask.java:264)
	at java.base/java.lang.Thread.run(Thread.java:834)
</failure>
  </testcase>
  <testcase name="ns02_startRootNameserver_registersRemoteObjectCorrectly" classname="dslab.naming.NameserverTest" time="6.005">
    <failure message="java.lang.NumberFormatException: For input string: &quot;port_range+9&quot;" type="java.lang.NumberFormatException">java.lang.NumberFormatException: For input string: &quot;port_range+9&quot;
	at java.base/java.lang.NumberFormatException.forInputString(NumberFormatException.java:65)
	at java.base/java.lang.Integer.parseInt(Integer.java:652)
	at java.base/java.lang.Integer.parseInt(Integer.java:770)
	at dslab.util.Config.getInt(Config.java:52)
	at dslab.naming.NameserverTest.ns02_startRootNameserver_registersRemoteObjectCorrectly(NameserverTest.java:109)
	at java.base/jdk.internal.reflect.NativeMethodAccessorImpl.invoke0(Native Method)
	at java.base/jdk.internal.reflect.NativeMethodAccessorImpl.invoke(NativeMethodAccessorImpl.java:62)
	at java.base/jdk.internal.reflect.DelegatingMethodAccessorImpl.invoke(DelegatingMethodAccessorImpl.java:43)
	at java.base/java.lang.reflect.Method.invoke(Method.java:566)
	at org.junit.runners.model.FrameworkMethod$1.runReflectiveCall(FrameworkMethod.java:50)
	at org.junit.internal.runners.model.ReflectiveCallable.run(ReflectiveCallable.java:12)
	at org.junit.runners.model.FrameworkMethod.invokeExplosively(FrameworkMethod.java:47)
	at org.junit.internal.runners.statements.InvokeMethod.evaluate(InvokeMethod.java:17)
	at org.junit.internal.runners.statements.FailOnTimeout$CallableStatement.call(FailOnTimeout.java:298)
	at org.junit.internal.runners.statements.FailOnTimeout$CallableStatement.call(FailOnTimeout.java:292)
	at java.base/java.util.concurrent.FutureTask.run(FutureTask.java:264)
	at java.base/java.lang.Thread.run(Thread.java:834)
</failure>
  </testcase>
  <testcase name="ns03_startingZoneNameserver_registersNameserverCorrectly" classname="dslab.naming.NameserverTest" time="12.007">
    <failure message="java.lang.NumberFormatException: For input string: &quot;port_range+9&quot;" type="java.lang.NumberFormatException">java.lang.NumberFormatException: For input string: &quot;port_range+9&quot;
	at java.base/java.lang.NumberFormatException.forInputString(NumberFormatException.java:65)
	at java.base/java.lang.Integer.parseInt(Integer.java:652)
	at java.base/java.lang.Integer.parseInt(Integer.java:770)
	at dslab.util.Config.getInt(Config.java:52)
	at dslab.naming.NameserverTest.ns03_startingZoneNameserver_registersNameserverCorrectly(NameserverTest.java:141)
	at java.base/jdk.internal.reflect.NativeMethodAccessorImpl.invoke0(Native Method)
	at java.base/jdk.internal.reflect.NativeMethodAccessorImpl.invoke(NativeMethodAccessorImpl.java:62)
	at java.base/jdk.internal.reflect.DelegatingMethodAccessorImpl.invoke(DelegatingMethodAccessorImpl.java:43)
	at java.base/java.lang.reflect.Method.invoke(Method.java:566)
	at org.junit.runners.model.FrameworkMethod$1.runReflectiveCall(FrameworkMethod.java:50)
	at org.junit.internal.runners.model.ReflectiveCallable.run(ReflectiveCallable.java:12)
	at org.junit.runners.model.FrameworkMethod.invokeExplosively(FrameworkMethod.java:47)
	at org.junit.internal.runners.statements.InvokeMethod.evaluate(InvokeMethod.java:17)
	at org.junit.internal.runners.statements.FailOnTimeout$CallableStatement.call(FailOnTimeout.java:298)
	at org.junit.internal.runners.statements.FailOnTimeout$CallableStatement.call(FailOnTimeout.java:292)
	at java.base/java.util.concurrent.FutureTask.run(FutureTask.java:264)
	at java.base/java.lang.Thread.run(Thread.java:834)
</failure>
  </testcase>
  <testcase name="ns04_registerAndLookupMailboxServer_registersAndReturnsAddressCorrectly" classname="dslab.naming.NameserverTest" time="12.006">
    <failure message="java.lang.NumberFormatException: For input string: &quot;port_range+9&quot;" type="java.lang.NumberFormatException">java.lang.NumberFormatException: For input string: &quot;port_range+9&quot;
	at java.base/java.lang.NumberFormatException.forInputString(NumberFormatException.java:65)
	at java.base/java.lang.Integer.parseInt(Integer.java:652)
	at java.base/java.lang.Integer.parseInt(Integer.java:770)
	at dslab.util.Config.getInt(Config.java:52)
	at dslab.naming.NameserverTest.ns04_registerAndLookupMailboxServer_registersAndReturnsAddressCorrectly(NameserverTest.java:185)
	at java.base/jdk.internal.reflect.NativeMethodAccessorImpl.invoke0(Native Method)
	at java.base/jdk.internal.reflect.NativeMethodAccessorImpl.invoke(NativeMethodAccessorImpl.java:62)
	at java.base/jdk.internal.reflect.DelegatingMethodAccessorImpl.invoke(DelegatingMethodAccessorImpl.java:43)
	at java.base/java.lang.reflect.Method.invoke(Method.java:566)
	at org.junit.runners.model.FrameworkMethod$1.runReflectiveCall(FrameworkMethod.java:50)
	at org.junit.internal.runners.model.ReflectiveCallable.run(ReflectiveCallable.java:12)
	at org.junit.runners.model.FrameworkMethod.invokeExplosively(FrameworkMethod.java:47)
	at org.junit.internal.runners.statements.InvokeMethod.evaluate(InvokeMethod.java:17)
	at org.junit.internal.runners.statements.FailOnTimeout$CallableStatement.call(FailOnTimeout.java:298)
	at org.junit.internal.runners.statements.FailOnTimeout$CallableStatement.call(FailOnTimeout.java:292)
	at java.base/java.util.concurrent.FutureTask.run(FutureTask.java:264)
	at java.base/java.lang.Thread.run(Thread.java:834)
</failure>
  </testcase>
  <system-out><![CDATA[]]></system-out>
  <system-err><![CDATA[Nov 26, 2020 10:41:23 AM dslab.naming.NameserverTest ns01_startAndShutdownRootNameserver_createsAndUnexportsRegistryCorrectly
INFO: Starting ns-root thread
Nov 26, 2020 10:41:26 AM dslab.naming.NameserverTest sendShutdown
INFO: Sending shutdown to component component
Nov 26, 2020 10:41:29 AM dslab.naming.NameserverTest ns02_startRootNameserver_registersRemoteObjectCorrectly
INFO: Starting ns-root thread
Nov 26, 2020 10:41:32 AM dslab.naming.NameserverTest sendShutdown
INFO: Sending shutdown to component component
Nov 26, 2020 10:41:35 AM dslab.naming.NameserverTest ns03_startingZoneNameserver_registersNameserverCorrectly
INFO: Starting ns-root thread
Nov 26, 2020 10:41:38 AM dslab.naming.NameserverTest ns03_startingZoneNameserver_registersNameserverCorrectly
INFO: Starting ns-planet thread
Nov 26, 2020 10:41:41 AM dslab.naming.NameserverTest sendShutdown
INFO: Sending shutdown to component component
Nov 26, 2020 10:41:44 AM dslab.naming.NameserverTest sendShutdown
INFO: Sending shutdown to component component
Nov 26, 2020 10:41:47 AM dslab.naming.NameserverTest ns04_registerAndLookupMailboxServer_registersAndReturnsAddressCorrectly
INFO: Starting ns-root thread
Nov 26, 2020 10:41:50 AM dslab.naming.NameserverTest ns04_registerAndLookupMailboxServer_registersAndReturnsAddressCorrectly
INFO: Starting ns-planet thread
Nov 26, 2020 10:41:53 AM dslab.naming.NameserverTest sendShutdown
INFO: Sending shutdown to component component
Nov 26, 2020 10:41:56 AM dslab.naming.NameserverTest sendShutdown
INFO: Sending shutdown to component component
]]></system-err>
</testsuite>
